kotlin version: 2.2.10
error message: java.lang.RuntimeException: Exception while generating code for:
FUN name:createProfileCard visibility:private modality:FINAL returnType:android.view.View
  VALUE_PARAMETER kind:DispatchReceiver name:<this> index:0 type:com.example.matchmate.MainActivity
  VALUE_PARAMETER kind:Regular name:profile index:1 type:com.example.matchmate.MainActivity.MatchProfile
  BLOCK_BODY
    VAR name:card type:android.widget.LinearLayout [val]
      CALL 'public final fun apply <T> (<this>: T of kotlin.StandardKt.apply, block: @[ExtensionFunctionType] kotlin.Function1<T of kotlin.StandardKt.apply, kotlin.Unit>): T of kotlin.StandardKt.apply [inline] declared in kotlin.StandardKt' type=android.widget.LinearLayout origin=null
        TYPE_ARG T: android.widget.LinearLayout
        ARG <this>: CONSTRUCTOR_CALL 'public constructor <init> (p0: @[FlexibleNullability] android.content.Context?) declared in android.widget.LinearLayout' type=android.widget.LinearLayout origin=null
          ARG p0: GET_VAR '<this>: com.example.matchmate.MainActivity declared in com.example.matchmate.MainActivity.createProfileCard' type=com.example.matchmate.MainActivity origin=null
        ARG block: BLOCK type=@[ExtensionFunctionType] kotlin.Function1<android.widget.LinearLayout, kotlin.Unit> origin=LAMBDA
          COMPOSITE type=kotlin.Unit origin=null
          FUNCTION_REFERENCE 'private final fun createProfileCard$lambda$8 ($this$apply: android.widget.LinearLayout, this$0: com.example.matchmate.MainActivity): kotlin.Unit declared in com.example.matchmate.MainActivity' type=@[ExtensionFunctionType] kotlin.Function1<android.widget.LinearLayout, kotlin.Unit> origin=INLINE_LAMBDA reflectionTarget=null
            ARG this$0: GET_VAR '<this>: com.example.matchmate.MainActivity declared in com.example.matchmate.MainActivity.createProfileCard' type=com.example.matchmate.MainActivity origin=null
    VAR name:photo type:android.widget.ImageView [val]
      CALL 'public final fun apply <T> (<this>: T of kotlin.StandardKt.apply, block: @[ExtensionFunctionType] kotlin.Function1<T of kotlin.StandardKt.apply, kotlin.Unit>): T of kotlin.StandardKt.apply [inline] declared in kotlin.StandardKt' type=android.widget.ImageView origin=null
        TYPE_ARG T: android.widget.ImageView
        ARG <this>: CONSTRUCTOR_CALL 'public constructor <init> (p0: @[FlexibleNullability] android.content.Context?) declared in android.widget.ImageView' type=android.widget.ImageView origin=null
          ARG p0: GET_VAR '<this>: com.example.matchmate.MainActivity declared in com.example.matchmate.MainActivity.createProfileCard' type=com.example.matchmate.MainActivity origin=null
        ARG block: BLOCK type=@[ExtensionFunctionType] kotlin.Function1<android.widget.ImageView, kotlin.Unit> origin=LAMBDA
          COMPOSITE type=kotlin.Unit origin=null
          FUNCTION_REFERENCE 'private final fun createProfileCard$lambda$9 ($this$apply: android.widget.ImageView, this$0: com.example.matchmate.MainActivity): kotlin.Unit declared in com.example.matchmate.MainActivity' type=@[ExtensionFunctionType] kotlin.Function1<android.widget.ImageView, kotlin.Unit> origin=INLINE_LAMBDA reflectionTarget=null
            ARG this$0: GET_VAR '<this>: com.example.matchmate.MainActivity declared in com.example.matchmate.MainActivity.createProfileCard' type=com.example.matchmate.MainActivity origin=null
    CALL 'public open fun addView (p0: @[FlexibleNullability] android.view.View?): kotlin.Unit [fake_override] declared in android.widget.LinearLayout' type=kotlin.Unit origin=null
      ARG <this>: GET_VAR 'val card: android.widget.LinearLayout [val] declared in com.example.matchmate.MainActivity.createProfileCard' type=android.widget.LinearLayout origin=null
      ARG p0: GET_VAR 'val photo: android.widget.ImageView [val] declared in com.example.matchmate.MainActivity.createProfileCard' type=android.widget.ImageView origin=null
    CALL 'private final fun loadImage (imageUrl: kotlin.String, target: android.widget.ImageView): kotlin.Unit declared in com.example.matchmate.MainActivity' type=kotlin.Unit origin=null
      ARG <this>: GET_VAR '<this>: com.example.matchmate.MainActivity declared in com.example.matchmate.MainActivity.createProfileCard' type=com.example.matchmate.MainActivity origin=IMPLICIT_ARGUMENT
      ARG imageUrl: CALL 'public final fun <get-photoUrl> (): kotlin.String declared in com.example.matchmate.MainActivity.MatchProfile' type=kotlin.String origin=GET_PROPERTY
        ARG <this>: GET_VAR 'profile: com.example.matchmate.MainActivity.MatchProfile declared in com.example.matchmate.MainActivity.createProfileCard' type=com.example.matchmate.MainActivity.MatchProfile origin=null
      ARG target: GET_VAR 'val photo: android.widget.ImageView [val] declared in com.example.matchmate.MainActivity.createProfileCard' type=android.widget.ImageView origin=null
    VAR name:name type:android.widget.TextView [val]
      CALL 'public final fun apply <T> (<this>: T of kotlin.StandardKt.apply, block: @[ExtensionFunctionType] kotlin.Function1<T of kotlin.StandardKt.apply, kotlin.Unit>): T of kotlin.StandardKt.apply [inline] declared in kotlin.StandardKt' type=android.widget.TextView origin=null
        TYPE_ARG T: android.widget.TextView
        ARG <this>: CONSTRUCTOR_CALL 'public constructor <init> (p0: @[FlexibleNullability] android.content.Context?) declared in android.widget.TextView' type=android.widget.TextView origin=null
          ARG p0: GET_VAR '<this>: com.example.matchmate.MainActivity declared in com.example.matchmate.MainActivity.createProfileCard' type=com.example.matchmate.MainActivity origin=null
        ARG block: BLOCK type=@[ExtensionFunctionType] kotlin.Function1<android.widget.TextView, kotlin.Unit> origin=LAMBDA
          COMPOSITE type=kotlin.Unit origin=null
          FUNCTION_REFERENCE 'private final fun createProfileCard$lambda$10 ($this$apply: android.widget.TextView, this$0: com.example.matchmate.MainActivity, $profile: com.example.matchmate.MainActivity.MatchProfile): kotlin.Unit declared in com.example.matchmate.MainActivity' type=@[ExtensionFunctionType] kotlin.Function1<android.widget.TextView, kotlin.Unit> origin=INLINE_LAMBDA reflectionTarget=null
            ARG this$0: GET_VAR '<this>: com.example.matchmate.MainActivity declared in com.example.matchmate.MainActivity.createProfileCard' type=com.example.matchmate.MainActivity origin=null
            ARG $profile: GET_VAR 'profile: com.example.matchmate.MainActivity.MatchProfile declared in com.example.matchmate.MainActivity.createProfileCard' type=com.example.matchmate.MainActivity.MatchProfile origin=null
    CALL 'public open fun addView (p0: @[FlexibleNullability] android.view.View?): kotlin.Unit [fake_override] declared in android.widget.LinearLayout' type=kotlin.Unit origin=null
      ARG <this>: GET_VAR 'val card: android.widget.LinearLayout [val] declared in com.example.matchmate.MainActivity.createProfileCard' type=android.widget.LinearLayout origin=null
      ARG p0: GET_VAR 'val name: android.widget.TextView [val] declared in com.example.matchmate.MainActivity.createProfileCard' type=android.widget.TextView origin=null
    VAR name:location type:android.widget.TextView [val]
      CALL 'public final fun apply <T> (<this>: T of kotlin.StandardKt.apply, block: @[ExtensionFunctionType] kotlin.Function1<T of kotlin.StandardKt.apply, kotlin.Unit>): T of kotlin.StandardKt.apply [inline] declared in kotlin.StandardKt' type=android.widget.TextView origin=null
        TYPE_ARG T: android.widget.TextView
        ARG <this>: CONSTRUCTOR_CALL 'public constructor <init> (p0: @[FlexibleNullability] android.content.Context?) declared in android.widget.TextView' type=android.widget.TextView origin=null
          ARG p0: GET_VAR '<this>: com.example.matchmate.MainActivity declared in com.example.matchmate.MainActivity.createProfileCard' type=com.example.matchmate.MainActivity origin=null
        ARG block: BLOCK type=@[ExtensionFunctionType] kotlin.Function1<android.widget.TextView, kotlin.Unit> origin=LAMBDA
          COMPOSITE type=kotlin.Unit origin=null
          FUNCTION_REFERENCE 'private final fun createProfileCard$lambda$11 ($this$apply: android.widget.TextView, this$0: com.example.matchmate.MainActivity, $profile: com.example.matchmate.MainActivity.MatchProfile): kotlin.Unit declared in com.example.matchmate.MainActivity' type=@[ExtensionFunctionType] kotlin.Function1<android.widget.TextView, kotlin.Unit> origin=INLINE_LAMBDA reflectionTarget=null
            ARG this$0: GET_VAR '<this>: com.example.matchmate.MainActivity declared in com.example.matchmate.MainActivity.createProfileCard' type=com.example.matchmate.MainActivity origin=null
            ARG $profile: GET_VAR 'profile: com.example.matchmate.MainActivity.MatchProfile declared in com.example.matchmate.MainActivity.createProfileCard' type=com.example.matchmate.MainActivity.MatchProfile origin=null
    CALL 'public open fun addView (p0: @[FlexibleNullability] android.view.View?): kotlin.Unit [fake_override] declared in android.widget.LinearLayout' type=kotlin.Unit origin=null
      ARG <this>: GET_VAR 'val card: android.widget.LinearLayout [val] declared in com.example.matchmate.MainActivity.createProfileCard' type=android.widget.LinearLayout origin=null
      ARG p0: GET_VAR 'val location: android.widget.TextView [val] declared in com.example.matchmate.MainActivity.createProfileCard' type=android.widget.TextView origin=null
    VAR name:email type:android.widget.TextView [val]
      CALL 'public final fun apply <T> (<this>: T of kotlin.StandardKt.apply, block: @[ExtensionFunctionType] kotlin.Function1<T of kotlin.StandardKt.apply, kotlin.Unit>): T of kotlin.StandardKt.apply [inline] declared in kotlin.StandardKt' type=android.widget.TextView origin=null
        TYPE_ARG T: android.widget.TextView
        ARG <this>: CONSTRUCTOR_CALL 'public constructor <init> (p0: @[FlexibleNullability] android.content.Context?) declared in android.widget.TextView' type=android.widget.TextView origin=null
          ARG p0: GET_VAR '<this>: com.example.matchmate.MainActivity declared in com.example.matchmate.MainActivity.createProfileCard' type=com.example.matchmate.MainActivity origin=null
        ARG block: BLOCK type=@[ExtensionFunctionType] kotlin.Function1<android.widget.TextView, kotlin.Unit> origin=LAMBDA
          COMPOSITE type=kotlin.Unit origin=null
          FUNCTION_REFERENCE 'private final fun createProfileCard$lambda$12 ($this$apply: android.widget.TextView, $profile: com.example.matchmate.MainActivity.MatchProfile, this$0: com.example.matchmate.MainActivity): kotlin.Unit declared in com.example.matchmate.MainActivity' type=@[ExtensionFunctionType] kotlin.Function1<android.widget.TextView, kotlin.Unit> origin=INLINE_LAMBDA reflectionTarget=null
            ARG $profile: GET_VAR 'profile: com.example.matchmate.MainActivity.MatchProfile declared in com.example.matchmate.MainActivity.createProfileCard' type=com.example.matchmate.MainActivity.MatchProfile origin=null
            ARG this$0: GET_VAR '<this>: com.example.matchmate.MainActivity declared in com.example.matchmate.MainActivity.createProfileCard' type=com.example.matchmate.MainActivity origin=null
    CALL 'public open fun addView (p0: @[FlexibleNullability] android.view.View?): kotlin.Unit [fake_override] declared in android.widget.LinearLayout' type=kotlin.Unit origin=null
      ARG <this>: GET_VAR 'val card: android.widget.LinearLayout [val] declared in com.example.matchmate.MainActivity.createProfileCard' type=android.widget.LinearLayout origin=null
      ARG p0: GET_VAR 'val email: android.widget.TextView [val] declared in com.example.matchmate.MainActivity.createProfileCard' type=android.widget.TextView origin=null
    VAR name:decision type:android.widget.TextView [val]
      CALL 'public final fun apply <T> (<this>: T of kotlin.StandardKt.apply, block: @[ExtensionFunctionType] kotlin.Function1<T of kotlin.StandardKt.apply, kotlin.Unit>): T of kotlin.StandardKt.apply [inline] declared in kotlin.StandardKt' type=android.widget.TextView origin=null
        TYPE_ARG T: android.widget.TextView
        ARG <this>: CONSTRUCTOR_CALL 'public constructor <init> (p0: @[FlexibleNullability] android.content.Context?) declared in android.widget.TextView' type=android.widget.TextView origin=null
          ARG p0: GET_VAR '<this>: com.example.matchmate.MainActivity declared in com.example.matchmate.MainActivity.createProfileCard' type=com.example.matchmate.MainActivity origin=null
        ARG block: BLOCK type=@[ExtensionFunctionType] kotlin.Function1<android.widget.TextView, kotlin.Unit> origin=LAMBDA
          COMPOSITE type=kotlin.Unit origin=null
          FUNCTION_REFERENCE 'private final fun createProfileCard$lambda$13 ($this$apply: android.widget.TextView, this$0: com.example.matchmate.MainActivity): kotlin.Unit declared in com.example.matchmate.MainActivity' type=@[ExtensionFunctionType] kotlin.Function1<android.widget.TextView, kotlin.Unit> origin=INLINE_LAMBDA reflectionTarget=null
            ARG this$0: GET_VAR '<this>: com.example.matchmate.MainActivity declared in com.example.matchmate.MainActivity.createProfileCard' type=com.example.matchmate.MainActivity origin=null
    CALL 'public open fun addView (p0: @[FlexibleNullability] android.view.View?): kotlin.Unit [fake_override] declared in android.widget.LinearLayout' type=kotlin.Unit origin=null
      ARG <this>: GET_VAR 'val card: android.widget.LinearLayout [val] declared in com.example.matchmate.MainActivity.createProfileCard' type=android.widget.LinearLayout origin=null
      ARG p0: GET_VAR 'val decision: android.widget.TextView [val] declared in com.example.matchmate.MainActivity.createProfileCard' type=android.widget.TextView origin=null
    VAR name:actions type:android.widget.LinearLayout [val]
      CALL 'public final fun apply <T> (<this>: T of kotlin.StandardKt.apply, block: @[ExtensionFunctionType] kotlin.Function1<T of kotlin.StandardKt.apply, kotlin.Unit>): T of kotlin.StandardKt.apply [inline] declared in kotlin.StandardKt' type=android.widget.LinearLayout origin=null
        TYPE_ARG T: android.widget.LinearLayout
        ARG <this>: CONSTRUCTOR_CALL 'public constructor <init> (p0: @[FlexibleNullability] android.content.Context?) declared in android.widget.LinearLayout' type=android.widget.LinearLayout origin=null
          ARG p0: GET_VAR '<this>: com.example.matchmate.MainActivity declared in com.example.matchmate.MainActivity.createProfileCard' type=com.example.matchmate.MainActivity origin=null
        ARG block: BLOCK type=@[ExtensionFunctionType] kotlin.Function1<android.widget.LinearLayout, kotlin.Unit> origin=LAMBDA
          COMPOSITE type=kotlin.Unit origin=null
          FUNCTION_REFERENCE 'private final fun createProfileCard$lambda$14 ($this$apply: android.widget.LinearLayout, this$0: com.example.matchmate.MainActivity): kotlin.Unit declared in com.example.matchmate.MainActivity' type=@[ExtensionFunctionType] kotlin.Function1<android.widget.LinearLayout, kotlin.Unit> origin=INLINE_LAMBDA reflectionTarget=null
            ARG this$0: GET_VAR '<this>: com.example.matchmate.MainActivity declared in com.example.matchmate.MainActivity.createProfileCard' type=com.example.matchmate.MainActivity origin=null
    VAR name:declineButton type:android.widget.Button [val]
      CALL 'private final fun actionButton (label: kotlin.String, backgroundColor: kotlin.String, textColor: kotlin.String): android.widget.Button declared in com.example.matchmate.MainActivity' type=android.widget.Button origin=null
        ARG <this>: GET_VAR '<this>: com.example.matchmate.MainActivity declared in com.example.matchmate.MainActivity.createProfileCard' type=com.example.matchmate.MainActivity origin=IMPLICIT_ARGUMENT
        ARG label: BLOCK type=kotlin.String origin=null
          VAR IR_TEMPORARY_VARIABLE name:tmp0 type:kotlin.Any? [val]
            CALL 'public final fun getString (p0: kotlin.Int): @[EnhancedNullability] kotlin.String [fake_override] declared in com.example.matchmate.MainActivity' type=@[EnhancedNullability] kotlin.String origin=null
              ARG <this>: GET_VAR '<this>: com.example.matchmate.MainActivity declared in com.example.matchmate.MainActivity.createProfileCard' type=com.example.matchmate.MainActivity origin=IMPLICIT_ARGUMENT
              ARG p0: GET_FIELD 'FIELD IR_EXTERNAL_JAVA_DECLARATION_STUB name:decline type:kotlin.Int visibility:public [static] declared in com.example.matchmate.R.string' type=kotlin.Int superQualifierSymbol=com.example.matchmate.R.string origin=null
          CALL 'public final fun checkNotNullExpressionValue (value: kotlin.Any?, expression: kotlin.String): kotlin.Unit declared in kotlin.jvm.internal.Intrinsics' type=kotlin.Unit origin=null
            ARG value: GET_VAR 'val tmp0: kotlin.Any? [val] declared in com.example.matchmate.MainActivity.createProfileCard' type=kotlin.Any? origin=null
            ARG expression: CONST String type=kotlin.String value="getString(...)"
          GET_VAR 'val tmp0: kotlin.Any? [val] declared in com.example.matchmate.MainActivity.createProfileCard' type=kotlin.Any? origin=null
        ARG backgroundColor: CONST String type=kotlin.String value="#FFF1F1"
        ARG textColor: CONST String type=kotlin.String value="#A04245"
    CALL 'public open fun setOnClickListener (p0: @[EnhancedNullability] android.view.View.OnClickListener?): kotlin.Unit [fake_override] declared in android.widget.Button' type=kotlin.Unit origin=null
      ARG <this>: GET_VAR 'val declineButton: android.widget.Button [val] declared in com.example.matchmate.MainActivity.createProfileCard' type=android.widget.Button origin=null
      ARG p0: BLOCK type=android.view.View.OnClickListener origin=LAMBDA
        COMPOSITE type=kotlin.Unit origin=null
        CALL 'public final fun <jvm-indy> <T> (dynamicCall: T of kotlin.jvm.internal.<jvm-indy>, bootstrapMethodHandle: kotlin.Any, vararg bootstrapMethodArguments: kotlin.Any): T of kotlin.jvm.internal.<jvm-indy> declared in kotlin.jvm.internal' type=android.view.View.OnClickListener origin=null
          TYPE_ARG T: android.view.View.OnClickListener
          ARG dynamicCall: CALL 'public final fun onClick (p0: android.widget.TextView, p1: com.example.matchmate.MainActivity): android.view.View.OnClickListener declared in kotlin.jvm.internal.invokeDynamic' type=android.view.View.OnClickListener origin=null
            ARG p0: GET_VAR 'val decision: android.widget.TextView [val] declared in com.example.matchmate.MainActivity.createProfileCard' type=android.widget.TextView origin=null
            ARG p1: GET_VAR '<this>: com.example.matchmate.MainActivity declared in com.example.matchmate.MainActivity.createProfileCard' type=com.example.matchmate.MainActivity origin=null
          ARG bootstrapMethodHandle: CALL 'public final fun <jvm-method-handle> (tag: kotlin.Int, owner: kotlin.String, name: kotlin.String, descriptor: kotlin.String, isInterface: kotlin.Boolean): kotlin.Any declared in kotlin.jvm.internal' type=kotlin.Any origin=null
            ARG tag: CONST Int type=kotlin.Int value=6
            ARG owner: CONST String type=kotlin.String value="java/lang/invoke/LambdaMetafactory"
            ARG name: CONST String type=kotlin.String value="metafactory"
            ARG descriptor: CONST String type=kotlin.String value="(Ljava/lang/invoke/MethodHandles$Lookup;Ljava/lang/String;Ljava/lang/invoke/MethodType;Ljava/lang/invoke/MethodType;Ljava/lang/invoke/MethodHandle;Ljava/lang/invoke/MethodType;)Ljava/lang/invoke/CallSite;"
            ARG isInterface: CONST Boolean type=kotlin.Boolean value=false
          ARG bootstrapMethodArguments: VARARG type=kotlin.Array<kotlin.Any> varargElementType=kotlin.Any
            CALL 'public final fun <jvm-original-method-type> (method: kotlin.Any): kotlin.Any declared in kotlin.jvm.internal' type=kotlin.Any origin=null
              ARG method: RAW_FUNCTION_REFERENCE 'public abstract fun onClick (p0: @[FlexibleNullability] android.view.View?): kotlin.Unit declared in android.view.View.OnClickListener' type=kotlin.Any
            RAW_FUNCTION_REFERENCE 'private final fun createProfileCard$lambda$15 ($decision: android.widget.TextView, this$0: com.example.matchmate.MainActivity, it: @[FlexibleNullability] android.view.View?): kotlin.Unit declared in com.example.matchmate.MainActivity' type=kotlin.Any
            CALL 'public final fun <jvm-original-method-type> (method: kotlin.Any): kotlin.Any declared in kotlin.jvm.internal' type=kotlin.Any origin=null
              ARG method: RAW_FUNCTION_REFERENCE 'public abstract fun onClick (p0: @[FlexibleNullability] android.view.View?): kotlin.Unit [fake_override] declared in kotlin.jvm.internal.invokeDynamic.<fake>' type=kotlin.Any
    VAR name:acceptButton type:android.widget.Button [val]
      CALL 'private final fun actionButton (label: kotlin.String, backgroundColor: kotlin.String, textColor: kotlin.String): android.widget.Button declared in com.example.matchmate.MainActivity' type=android.widget.Button origin=null
        ARG <this>: GET_VAR '<this>: com.example.matchmate.MainActivity declared in com.example.matchmate.MainActivity.createProfileCard' type=com.example.matchmate.MainActivity origin=IMPLICIT_ARGUMENT
        ARG label: BLOCK type=kotlin.String origin=null
          VAR IR_TEMPORARY_VARIABLE name:tmp1 type:kotlin.Any? [val]
            CALL 'public final fun getString (p0: kotlin.Int): @[EnhancedNullability] kotlin.String [fake_override] declared in com.example.matchmate.MainActivity' type=@[EnhancedNullability] kotlin.String origin=null
              ARG <this>: GET_VAR '<this>: com.example.matchmate.MainActivity declared in com.example.matchmate.MainActivity.createProfileCard' type=com.example.matchmate.MainActivity origin=IMPLICIT_ARGUMENT
              ARG p0: GET_FIELD 'FIELD IR_EXTERNAL_JAVA_DECLARATION_STUB name:accept type:kotlin.Int visibility:public [static] declared in com.example.matchmate.R.string' type=kotlin.Int superQualifierSymbol=com.example.matchmate.R.string origin=null
          CALL 'public final fun checkNotNullExpressionValue (value: kotlin.Any?, expression: kotlin.String): kotlin.Unit declared in kotlin.jvm.internal.Intrinsics' type=kotlin.Unit origin=null
            ARG value: GET_VAR 'val tmp1: kotlin.Any? [val] declared in com.example.matchmate.MainActivity.createProfileCard' type=kotlin.Any? origin=null
            ARG expression: CONST String type=kotlin.String value="getString(...)"
          GET_VAR 'val tmp1: kotlin.Any? [val] declared in com.example.matchmate.MainActivity.createProfileCard' type=kotlin.Any? origin=null
        ARG backgroundColor: CONST String type=kotlin.String value="#EAF8EF"
        ARG textColor: CONST String type=kotlin.String value="#237A4B"
    CALL 'public open fun setOnClickListener (p0: @[EnhancedNullability] android.view.View.OnClickListener?): kotlin.Unit [fake_override] declared in android.widget.Button' type=kotlin.Unit origin=null
      ARG <this>: GET_VAR 'val acceptButton: android.widget.Button [val] declared in com.example.matchmate.MainActivity.createProfileCard' type=android.widget.Button origin=null
      ARG p0: BLOCK type=android.view.View.OnClickListener origin=LAMBDA
        COMPOSITE type=kotlin.Unit origin=null
        CALL 'public final fun <jvm-indy> <T> (dynamicCall: T of kotlin.jvm.internal.<jvm-indy>, bootstrapMethodHandle: kotlin.Any, vararg bootstrapMethodArguments: kotlin.Any): T of kotlin.jvm.internal.<jvm-indy> declared in kotlin.jvm.internal' type=android.view.View.OnClickListener origin=null
          TYPE_ARG T: android.view.View.OnClickListener
          ARG dynamicCall: CALL 'public final fun onClick (p0: android.widget.TextView, p1: com.example.matchmate.MainActivity): android.view.View.OnClickListener declared in kotlin.jvm.internal.invokeDynamic' type=android.view.View.OnClickListener origin=null
            ARG p0: GET_VAR 'val decision: android.widget.TextView [val] declared in com.example.matchmate.MainActivity.createProfileCard' type=android.widget.TextView origin=null
            ARG p1: GET_VAR '<this>: com.example.matchmate.MainActivity declared in com.example.matchmate.MainActivity.createProfileCard' type=com.example.matchmate.MainActivity origin=null
          ARG bootstrapMethodHandle: CALL 'public final fun <jvm-method-handle> (tag: kotlin.Int, owner: kotlin.String, name: kotlin.String, descriptor: kotlin.String, isInterface: kotlin.Boolean): kotlin.Any declared in kotlin.jvm.internal' type=kotlin.Any origin=null
            ARG tag: CONST Int type=kotlin.Int value=6
            ARG owner: CONST String type=kotlin.String value="java/lang/invoke/LambdaMetafactory"
            ARG name: CONST String type=kotlin.String value="metafactory"
            ARG descriptor: CONST String type=kotlin.String value="(Ljava/lang/invoke/MethodHandles$Lookup;Ljava/lang/String;Ljava/lang/invoke/MethodType;Ljava/lang/invoke/MethodType;Ljava/lang/invoke/MethodHandle;Ljava/lang/invoke/MethodType;)Ljava/lang/invoke/CallSite;"
            ARG isInterface: CONST Boolean type=kotlin.Boolean value=false
          ARG bootstrapMethodArguments: VARARG type=kotlin.Array<kotlin.Any> varargElementType=kotlin.Any
            CALL 'public final fun <jvm-original-method-type> (method: kotlin.Any): kotlin.Any declared in kotlin.jvm.internal' type=kotlin.Any origin=null
              ARG method: RAW_FUNCTION_REFERENCE 'public abstract fun onClick (p0: @[FlexibleNullability] android.view.View?): kotlin.Unit declared in android.view.View.OnClickListener' type=kotlin.Any
            RAW_FUNCTION_REFERENCE 'private final fun createProfileCard$lambda$16 ($decision: android.widget.TextView, this$0: com.example.matchmate.MainActivity, it: @[FlexibleNullability] android.view.View?): kotlin.Unit declared in com.example.matchmate.MainActivity' type=kotlin.Any
            CALL 'public final fun <jvm-original-method-type> (method: kotlin.Any): kotlin.Any declared in kotlin.jvm.internal' type=kotlin.Any origin=null
              ARG method: RAW_FUNCTION_REFERENCE 'public abstract fun onClick (p0: @[FlexibleNullability] android.view.View?): kotlin.Unit [fake_override] declared in kotlin.jvm.internal.invokeDynamic.<fake>' type=kotlin.Any
    CALL 'public open fun addView (p0: @[FlexibleNullability] android.view.View?): kotlin.Unit [fake_override] declared in android.widget.LinearLayout' type=kotlin.Unit origin=null
      ARG <this>: GET_VAR 'val actions: android.widget.LinearLayout [val] declared in com.example.matchmate.MainActivity.createProfileCard' type=android.widget.LinearLayout origin=null
      ARG p0: GET_VAR 'val declineButton: android.widget.Button [val] declared in com.example.matchmate.MainActivity.createProfileCard' type=android.widget.Button origin=null
    CALL 'public open fun addView (p0: @[FlexibleNullability] android.view.View?): kotlin.Unit [fake_override] declared in android.widget.LinearLayout' type=kotlin.Unit origin=null
      ARG <this>: GET_VAR 'val actions: android.widget.LinearLayout [val] declared in com.example.matchmate.MainActivity.createProfileCard' type=android.widget.LinearLayout origin=null
      ARG p0: GET_VAR 'val acceptButton: android.widget.Button [val] declared in com.example.matchmate.MainActivity.createProfileCard' type=android.widget.Button origin=null
    CALL 'public open fun addView (p0: @[FlexibleNullability] android.view.View?): kotlin.Unit [fake_override] declared in android.widget.LinearLayout' type=kotlin.Unit origin=null
      ARG <this>: GET_VAR 'val card: android.widget.LinearLayout [val] declared in com.example.matchmate.MainActivity.createProfileCard' type=android.widget.LinearLayout origin=null
      ARG p0: GET_VAR 'val actions: android.widget.LinearLayout [val] declared in com.example.matchmate.MainActivity.createProfileCard' type=android.widget.LinearLayout origin=null
    RETURN type=kotlin.Nothing from='private final fun createProfileCard (profile: com.example.matchmate.MainActivity.MatchProfile): android.view.View declared in com.example.matchmate.MainActivity'
      GET_VAR 'val card: android.widget.LinearLayout [val] declared in com.example.matchmate.MainActivity.createProfileCard' type=android.widget.LinearLayout origin=null

	at org.jetbrains.kotlin.backend.jvm.codegen.FunctionCodegen.generate(FunctionCodegen.kt:50)
	at org.jetbrains.kotlin.backend.jvm.codegen.FunctionCodegen.generate$default(FunctionCodegen.kt:43)
	at org.jetbrains.kotlin.backend.jvm.codegen.ClassCodegen.generateMethodNode(ClassCodegen.kt:422)
	at org.jetbrains.kotlin.backend.jvm.codegen.ClassCodegen.generateMethod(ClassCodegen.kt:439)
	at org.jetbrains.kotlin.backend.jvm.codegen.ClassCodegen.generate(ClassCodegen.kt:164)
	at org.jetbrains.kotlin.backend.jvm.JvmIrCodegenFactory.generateFile(JvmIrCodegenFactory.kt:419)
	at org.jetbrains.kotlin.backend.jvm.JvmIrCodegenFactory.invokeCodegen(JvmIrCodegenFactory.kt:388)
	at org.jetbrains.kotlin.cli.jvm.compiler.KotlinToJVMBytecodeCompiler.runCodegen$cli(KotlinToJVMBytecodeCompiler.kt:431)
	at org.jetbrains.kotlin.cli.pipeline.jvm.JvmBackendPipelinePhase.executePhase(JvmBackendPipelinePhase.kt:95)
	at org.jetbrains.kotlin.cli.pipeline.jvm.JvmBackendPipelinePhase.executePhase(JvmBackendPipelinePhase.kt:36)
	at org.jetbrains.kotlin.cli.pipeline.jvm.JvmBackendPipelinePhase.executePhase(JvmBackendPipelinePhase.kt:29)
	at org.jetbrains.kotlin.cli.pipeline.PipelinePhase.phaseBody(PipelinePhase.kt:68)
	at org.jetbrains.kotlin.cli.pipeline.PipelinePhase.phaseBody(PipelinePhase.kt:58)
	at org.jetbrains.kotlin.config.phaser.NamedCompilerPhase.invoke(CompilerPhase.kt:102)
	at org.jetbrains.kotlin.backend.common.phaser.CompositePhase.invoke(PhaseBuilders.kt:22)
	at org.jetbrains.kotlin.config.phaser.CompilerPhaseKt.invokeToplevel(CompilerPhase.kt:53)
	at org.jetbrains.kotlin.cli.pipeline.AbstractCliPipeline.runPhasedPipeline(AbstractCliPipeline.kt:109)
	at org.jetbrains.kotlin.cli.pipeline.AbstractCliPipeline.execute(AbstractCliPipeline.kt:68)
	at org.jetbrains.kotlin.cli.jvm.K2JVMCompiler.doExecutePhased(K2JVMCompiler.kt:78)
	at org.jetbrains.kotlin.cli.jvm.K2JVMCompiler.doExecutePhased(K2JVMCompiler.kt:44)
	at org.jetbrains.kotlin.cli.common.CLICompiler.execImpl(CLICompiler.kt:90)
	at org.jetbrains.kotlin.cli.common.CLICompiler.exec(CLICompiler.kt:352)
	at org.jetbrains.kotlin.incremental.IncrementalJvmCompilerRunnerBase.runCompiler(IncrementalJvmCompilerRunnerBase.kt:175)
	at org.jetbrains.kotlin.incremental.IncrementalJvmCompilerRunnerBase.runCompiler(IncrementalJvmCompilerRunnerBase.kt:38)
	at org.jetbrains.kotlin.incremental.IncrementalCompilerRunner.doCompile(IncrementalCompilerRunner.kt:504)
	at org.jetbrains.kotlin.incremental.IncrementalCompilerRunner.compileImpl(IncrementalCompilerRunner.kt:421)
	at org.jetbrains.kotlin.incremental.IncrementalCompilerRunner.compileNonIncrementally(IncrementalCompilerRunner.kt:306)
	at org.jetbrains.kotlin.incremental.IncrementalCompilerRunner.compile(IncrementalCompilerRunner.kt:133)
	at org.jetbrains.kotlin.daemon.CompileServiceImplBase.execIncrementalCompiler(CompileServiceImpl.kt:679)
	at org.jetbrains.kotlin.daemon.CompileServiceImplBase.access$execIncrementalCompiler(CompileServiceImpl.kt:93)
	at org.jetbrains.kotlin.daemon.CompileServiceImpl.compile(CompileServiceImpl.kt:1806)
	at java.base/jdk.internal.reflect.DirectMethodHandleAccessor.invoke(Unknown Source)
	at java.base/java.lang.reflect.Method.invoke(Unknown Source)
	at java.rmi/sun.rmi.server.UnicastServerRef.dispatch(Unknown Source)
	at java.rmi/sun.rmi.transport.Transport$1.run(Unknown Source)
	at java.rmi/sun.rmi.transport.Transport$1.run(Unknown Source)
	at java.base/java.security.AccessController.doPrivileged(Unknown Source)
	at java.rmi/sun.rmi.transport.Transport.serviceCall(Unknown Source)
	at java.rmi/sun.rmi.transport.tcp.TCPTransport.handleMessages(Unknown Source)
	at java.rmi/sun.rmi.transport.tcp.TCPTransport$ConnectionHandler.run0(Unknown Source)
	at java.rmi/sun.rmi.transport.tcp.TCPTransport$ConnectionHandler.lambda$run$0(Unknown Source)
	at java.base/java.security.AccessController.doPrivileged(Unknown Source)
	at java.rmi/sun.rmi.transport.tcp.TCPTransport$ConnectionHandler.run(Unknown Source)
	at java.base/java.util.concurrent.ThreadPoolExecutor.runWorker(Unknown Source)
	at java.base/java.util.concurrent.ThreadPoolExecutor$Worker.run(Unknown Source)
	at java.base/java.lang.Thread.run(Unknown Source)
Caused by: java.lang.RuntimeException: Exception while generating code for:
FUN INLINE_LAMBDA name:createProfileCard$lambda$10 visibility:private modality:FINAL returnType:kotlin.Unit
  VALUE_PARAMETER kind:ExtensionReceiver name:$this$apply index:0 type:android.widget.TextView
  VALUE_PARAMETER BOUND_VALUE_PARAMETER kind:Regular name:this$0 index:1 type:com.example.matchmate.MainActivity
  VALUE_PARAMETER BOUND_VALUE_PARAMETER kind:Regular name:$profile index:2 type:com.example.matchmate.MainActivity.MatchProfile
  BLOCK_BODY
    VAR name:$i$a$-apply-MainActivity$createProfileCard$name$1 type:kotlin.Int [val]
      CONST Int type=kotlin.Int value=0
    CALL 'public final fun setText (p0: @[FlexibleNullability] kotlin.CharSequence?): kotlin.Unit declared in android.widget.TextView' type=kotlin.Unit origin=EQ
      ARG <this>: GET_VAR '$this$apply: android.widget.TextView declared in com.example.matchmate.MainActivity.createProfileCard$lambda$10' type=android.widget.TextView origin=null
      ARG p0: CALL 'public final fun getString (p0: kotlin.Int, vararg p1: @[FlexibleNullability] kotlin.Any?): @[EnhancedNullability] kotlin.String [fake_override] declared in com.example.matchmate.MainActivity' type=@[EnhancedNullability] kotlin.String origin=null
        ARG <this>: GET_VAR 'this$0: com.example.matchmate.MainActivity declared in com.example.matchmate.MainActivity.createProfileCard$lambda$10' type=com.example.matchmate.MainActivity origin=null
        ARG p0: GET_FIELD 'FIELD IR_EXTERNAL_JAVA_DECLARATION_STUB name:profile_name_age type:kotlin.Int visibility:public [static] declared in com.example.matchmate.R.string' type=kotlin.Int superQualifierSymbol=com.example.matchmate.R.string origin=null
        ARG p1: BLOCK type=@[FlexibleNullability] @[FlexibleArrayElementVariance] kotlin.Array<out @[FlexibleNullability] kotlin.Any?>? origin=null
          VAR IR_TEMPORARY_VARIABLE name:tmp0 type:@[FlexibleNullability] @[FlexibleArrayElementVariance] kotlin.Array<out @[FlexibleNullability] kotlin.Any?>? [val]
            CALL 'public final fun arrayOfNulls <T> (size: kotlin.Int): kotlin.Array<T of kotlin.arrayOfNulls?> declared in kotlin' type=@[FlexibleNullability] @[FlexibleArrayElementVariance] kotlin.Array<out @[FlexibleNullability] kotlin.Any?>? origin=null
              TYPE_ARG T: @[FlexibleNullability] kotlin.Any?
              ARG size: CONST Int type=kotlin.Int value=2
          CALL 'public final fun set (index: kotlin.Int, value: T of kotlin.Array): kotlin.Unit [operator] declared in kotlin.Array' type=kotlin.Unit origin=null
            ARG <this>: GET_VAR 'val tmp0: @[FlexibleNullability] @[FlexibleArrayElementVariance] kotlin.Array<out @[FlexibleNullability] kotlin.Any?>? [val] declared in com.example.matchmate.MainActivity.createProfileCard$lambda$10' type=@[FlexibleNullability] @[FlexibleArrayElementVariance] kotlin.Array<out @[FlexibleNullability] kotlin.Any?>? origin=null
            ARG index: CONST Int type=kotlin.Int value=0
            ARG value: CALL 'public final fun <get-fullName> (): kotlin.String declared in com.example.matchmate.MainActivity.MatchProfile' type=kotlin.String origin=GET_PROPERTY
              ARG <this>: GET_VAR '$profile: com.example.matchmate.MainActivity.MatchProfile declared in com.example.matchmate.MainActivity.createProfileCard$lambda$10' type=com.example.matchmate.MainActivity.MatchProfile origin=null
          CALL 'public final fun set (index: kotlin.Int, value: T of kotlin.Array): kotlin.Unit [operator] declared in kotlin.Array' type=kotlin.Unit origin=null
            ARG <this>: GET_VAR 'val tmp0: @[FlexibleNullability] @[FlexibleArrayElementVariance] kotlin.Array<out @[FlexibleNullability] kotlin.Any?>? [val] declared in com.example.matchmate.MainActivity.createProfileCard$lambda$10' type=@[FlexibleNullability] @[FlexibleArrayElementVariance] kotlin.Array<out @[FlexibleNullability] kotlin.Any?>? origin=null
            ARG index: CONST Int type=kotlin.Int value=1
            ARG value: CALL 'public final fun <get-age> (): kotlin.Int declared in com.example.matchmate.MainActivity.MatchProfile' type=kotlin.Int origin=GET_PROPERTY
              ARG <this>: GET_VAR '$profile: com.example.matchmate.MainActivity.MatchProfile declared in com.example.matchmate.MainActivity.createProfileCard$lambda$10' type=com.example.matchmate.MainActivity.MatchProfile origin=null
          GET_VAR 'val tmp0: @[FlexibleNullability] @[FlexibleArrayElementVariance] kotlin.Array<out @[FlexibleNullability] kotlin.Any?>? [val] declared in com.example.matchmate.MainActivity.createProfileCard$lambda$10' type=@[FlexibleNullability] @[FlexibleArrayElementVariance] kotlin.Array<out @[FlexibleNullability] kotlin.Any?>? origin=null
    SET_FIELD 'FIELD IR_EXTERNAL_JAVA_DECLARATION_STUB name:textColor type:kotlin.Int visibility:public [final,static] declared in android.R.attr' type=kotlin.Unit superQualifierSymbol=android.R.attr origin=EQ
      value: CALL 'public open fun parseColor (p0: @[FlexibleNullability] kotlin.String?): kotlin.Int declared in android.graphics.Color' type=kotlin.Int origin=null
        ARG p0: CONST String type=kotlin.String value="#28171A"
    CALL 'public open fun setTextSize (p0: kotlin.Float): kotlin.Unit declared in android.widget.TextView' type=kotlin.Unit origin=EQ
      ARG <this>: GET_VAR '$this$apply: android.widget.TextView declared in com.example.matchmate.MainActivity.createProfileCard$lambda$10' type=android.widget.TextView origin=null
      ARG p0: CONST Float type=kotlin.Float value=22.0
    CALL 'public open fun setTypeface (p0: @[EnhancedNullability] android.graphics.Typeface?): kotlin.Unit declared in android.widget.TextView' type=kotlin.Unit origin=EQ
      ARG <this>: GET_VAR '$this$apply: android.widget.TextView declared in com.example.matchmate.MainActivity.createProfileCard$lambda$10' type=android.widget.TextView origin=null
      ARG p0: GET_FIELD 'FIELD IR_EXTERNAL_JAVA_DECLARATION_STUB name:DEFAULT_BOLD type:@[FlexibleNullability] android.graphics.Typeface? visibility:public [final,static] declared in android.graphics.Typeface' type=@[FlexibleNullability] android.graphics.Typeface? superQualifierSymbol=android.graphics.Typeface origin=null
    CALL 'public open fun setPadding (p0: kotlin.Int, p1: kotlin.Int, p2: kotlin.Int, p3: kotlin.Int): kotlin.Unit declared in android.widget.TextView' type=kotlin.Unit origin=null
      ARG <this>: GET_VAR '$this$apply: android.widget.TextView declared in com.example.matchmate.MainActivity.createProfileCard$lambda$10' type=android.widget.TextView origin=null
      ARG p0: CONST Int type=kotlin.Int value=0
      ARG p1: CALL 'private final fun dp (value: kotlin.Int): kotlin.Int declared in com.example.matchmate.MainActivity' type=kotlin.Int origin=null
        ARG <this>: GET_VAR 'this$0: com.example.matchmate.MainActivity declared in com.example.matchmate.MainActivity.createProfileCard$lambda$10' type=com.example.matchmate.MainActivity origin=null
        ARG value: CONST Int type=kotlin.Int value=14
      ARG p2: CONST Int type=kotlin.Int value=0
      ARG p3: CONST Int type=kotlin.Int value=0

	at org.jetbrains.kotlin.backend.jvm.codegen.FunctionCodegen.generate(FunctionCodegen.kt:50)
	at org.jetbrains.kotlin.backend.jvm.codegen.IrSourceCompilerForInline.generateLambdaBody(IrSourceCompilerForInline.kt:72)
	at org.jetbrains.kotlin.codegen.inline.ExpressionLambda.generateLambdaBody(LambdaInfo.kt:72)
	at org.jetbrains.kotlin.backend.jvm.codegen.IrInlineCodegen.genValueAndPut(IrInlineCodegen.kt:122)
	at org.jetbrains.kotlin.backend.jvm.codegen.ExpressionCodegen.visitCall$handleParameter(ExpressionCodegen.kt:564)
	at org.jetbrains.kotlin.backend.jvm.codegen.ExpressionCodegen.visitCall(ExpressionCodegen.kt:577)
	at org.jetbrains.kotlin.backend.jvm.codegen.ExpressionCodegen.visitCall(ExpressionCodegen.kt:135)
	at org.jetbrains.kotlin.ir.expressions.IrCall.accept(IrCall.kt:24)
	at org.jetbrains.kotlin.backend.jvm.codegen.ExpressionCodegen.visitVariable(ExpressionCodegen.kt:725)
	at org.jetbrains.kotlin.backend.jvm.codegen.ExpressionCodegen.visitVariable(ExpressionCodegen.kt:135)
	at org.jetbrains.kotlin.ir.declarations.IrVariable.accept(IrVariable.kt:36)
	at org.jetbrains.kotlin.backend.jvm.codegen.ExpressionCodegen.visitStatementContainer(ExpressionCodegen.kt:527)
	at org.jetbrains.kotlin.backend.jvm.codegen.ExpressionCodegen.visitBlockBody(ExpressionCodegen.kt:532)
	at org.jetbrains.kotlin.backend.jvm.codegen.ExpressionCodegen.visitBlockBody(ExpressionCodegen.kt:135)
	at org.jetbrains.kotlin.ir.expressions.IrBlockBody.accept(IrBlockBody.kt:20)
	at org.jetbrains.kotlin.backend.jvm.codegen.ExpressionCodegen.generate(ExpressionCodegen.kt:233)
	at org.jetbrains.kotlin.backend.jvm.codegen.FunctionCodegen.doGenerate(FunctionCodegen.kt:126)
	at org.jetbrains.kotlin.backend.jvm.codegen.FunctionCodegen.generate(FunctionCodegen.kt:47)
	... 45 more
Caused by: java.lang.AssertionError: access of const val: SET_FIELD 'FIELD IR_EXTERNAL_JAVA_DECLARATION_STUB name:textColor type:kotlin.Int visibility:public [final,static] declared in android.R.attr' type=kotlin.Unit superQualifierSymbol=android.R.attr origin=EQ
  value: CALL 'public open fun parseColor (p0: @[FlexibleNullability] kotlin.String?): kotlin.Int declared in android.graphics.Color' type=kotlin.Int origin=null
    ARG p0: CONST String type=kotlin.String value="#28171A"

	at org.jetbrains.kotlin.backend.jvm.codegen.ExpressionCodegen.visitFieldAccess(ExpressionCodegen.kt:807)
	at org.jetbrains.kotlin.backend.jvm.codegen.ExpressionCodegen.visitFieldAccess(ExpressionCodegen.kt:135)
	at org.jetbrains.kotlin.ir.visitors.IrVisitor.visitSetField(IrVisitor.kt:215)
	at org.jetbrains.kotlin.backend.jvm.codegen.ExpressionCodegen.visitSetField(ExpressionCodegen.kt:858)
	at org.jetbrains.kotlin.backend.jvm.codegen.ExpressionCodegen.visitSetField(ExpressionCodegen.kt:135)
	at org.jetbrains.kotlin.ir.expressions.IrSetField.accept(IrSetField.kt:21)
	at org.jetbrains.kotlin.backend.jvm.codegen.ExpressionCodegen.visitStatementContainer(ExpressionCodegen.kt:527)
	at org.jetbrains.kotlin.backend.jvm.codegen.ExpressionCodegen.visitBlockBody(ExpressionCodegen.kt:532)
	at org.jetbrains.kotlin.backend.jvm.codegen.ExpressionCodegen.visitBlockBody(ExpressionCodegen.kt:135)
	at org.jetbrains.kotlin.ir.expressions.IrBlockBody.accept(IrBlockBody.kt:20)
	at org.jetbrains.kotlin.backend.jvm.codegen.ExpressionCodegen.generate(ExpressionCodegen.kt:233)
	at org.jetbrains.kotlin.backend.jvm.codegen.FunctionCodegen.doGenerate(FunctionCodegen.kt:126)
	at org.jetbrains.kotlin.backend.jvm.codegen.FunctionCodegen.generate(FunctionCodegen.kt:47)
	... 62 more


